16-Jan-23 17:45:21 - INFO - Menu printed!!!
16-Jan-23 17:45:53 - ERROR - invalid literal for int() with base 10: ''
16-Jan-23 17:45:59 - INFO - Menu printed!!!
16-Jan-23 17:46:08 - ERROR - invalid literal for int() with base 10: ''
16-Jan-23 17:46:17 - INFO - Menu printed!!!
16-Jan-23 17:46:21 - ERROR - invalid literal for int() with base 10: ''
16-Jan-23 17:46:25 - INFO - Menu printed!!!
16-Jan-23 17:46:32 - ERROR - invalid literal for int() with base 10: ''
16-Jan-23 17:46:36 - INFO - Menu printed!!!
16-Jan-23 17:46:59 - ERROR - invalid literal for int() with base 10: 'g'
16-Jan-23 17:46:59 - ERROR - no data with this id
16-Jan-23 17:47:20 - INFO - Menu printed!!!
16-Jan-23 17:47:27 - ERROR - no data with this id
16-Jan-23 17:47:31 - INFO - Menu printed!!!
16-Jan-23 17:47:40 - ERROR - no data with this id
16-Jan-23 17:47:43 - INFO - Menu printed!!!
16-Jan-23 17:48:06 - ERROR - no data with this id
16-Jan-23 17:48:09 - INFO - Menu printed!!!
16-Jan-23 17:48:14 - ERROR - no data with this id
16-Jan-23 17:48:19 - INFO - Menu printed!!!
16-Jan-23 17:48:24 - INFO - Menu printed!!!
16-Jan-23 17:48:43 - INFO - Menu printed!!!
16-Jan-23 17:48:49 - ERROR - no data with this id
16-Jan-23 17:49:14 - INFO - Menu printed!!!
16-Jan-23 17:49:21 - INFO - Menu printed!!!
16-Jan-23 17:49:43 - ERROR - no data with this id
16-Jan-23 17:49:47 - INFO - Menu printed!!!
16-Jan-23 17:49:53 - ERROR - no data with this id
16-Jan-23 17:50:03 - INFO - Menu printed!!!
16-Jan-23 17:50:08 - ERROR - no data with this id
16-Jan-23 17:50:21 - INFO - Menu printed!!!
16-Jan-23 17:50:26 - ERROR - no data with this id
16-Jan-23 17:51:09 - INFO - Menu printed!!!
16-Jan-23 17:51:21 - INFO - Menu printed!!!
16-Jan-23 17:51:36 - INFO - Menu printed!!!
16-Jan-23 17:52:02 - ERROR - no data with this id
17-Jan-23 11:20:04 - INFO - Menu printed!!!
17-Jan-23 11:20:16 - INFO - Menu printed!!!
17-Jan-23 11:20:21 - INFO - Menu printed!!!
17-Jan-23 11:20:26 - INFO - Menu printed!!!
17-Jan-23 11:20:31 - ERROR - no data with this id
17-Jan-23 11:24:14 - INFO - Menu printed!!!
17-Jan-23 11:24:21 - ERROR - no data with this id
17-Jan-23 11:48:31 - INFO - Menu printed!!!
17-Jan-23 11:48:37 - INFO - Menu printed!!!
17-Jan-23 11:49:03 - INFO - Menu printed!!!
17-Jan-23 11:49:49 - INFO - Menu printed!!!
17-Jan-23 11:50:00 - INFO - Menu printed!!!
17-Jan-23 11:50:05 - INFO - Menu printed!!!
17-Jan-23 12:06:54 - INFO - Menu printed!!!
17-Jan-23 12:06:59 - ERROR - invalid literal for int() with base 10: ''
17-Jan-23 12:07:04 - INFO - Menu printed!!!
17-Jan-23 12:07:13 - ERROR - invalid literal for int() with base 10: ''
17-Jan-23 12:07:52 - INFO - Menu printed!!!
17-Jan-23 12:08:21 - INFO - Menu printed!!!
17-Jan-23 12:08:34 - INFO - Menu printed!!!
17-Jan-23 12:08:57 - INFO - Menu printed!!!
17-Jan-23 12:09:02 - INFO - Menu printed!!!
17-Jan-23 12:09:44 - ERROR - invalid literal for int() with base 10: ''
17-Jan-23 12:09:47 - INFO - Menu printed!!!
17-Jan-23 12:41:29 - INFO - Menu printed!!!
17-Jan-23 12:41:55 - ERROR - The entered name contains numbers.: dfgg2
17-Jan-23 12:42:12 - INFO - Menu printed!!!
17-Jan-23 12:42:52 - INFO - Menu printed!!!
17-Jan-23 12:43:33 - INFO - Menu printed!!!
17-Jan-23 12:43:38 - INFO - Menu printed!!!
17-Jan-23 12:43:42 - INFO - Menu printed!!!
17-Jan-23 12:43:58 - INFO - Menu printed!!!
17-Jan-23 12:44:01 - INFO - Menu printed!!!
17-Jan-23 12:44:04 - INFO - Menu printed!!!
17-Jan-23 12:44:09 - INFO - Menu printed!!!
17-Jan-23 12:44:16 - INFO - Menu printed!!!
